<?xml version="1.0" encoding="UTF-8"?>
<!-- Generated by org.testng.reporters.JUnitReportReporter -->
<testsuite hostname="DESKTOP-FMLQ74F" failures="0" tests="1" name="seleniumBasics.TestNgAnnotation" time="0.039" errors="0" timestamp="2025-09-25T20:06:51 IST" skipped="0">
  <testcase classname="seleniumBasics.TestNgAnnotation" name="SampleTest" time="0.039"/>
</testsuite> <!-- seleniumBasics.TestNgAnnotation -->
