<?xml version="1.0" encoding="UTF-8"?>
<!-- Generated by org.testng.reporters.JUnitReportReporter -->
<testsuite hostname="DESKTOP-FMLQ74F" failures="0" tests="1" name="Testscript.Login_Test" time="4.552" errors="0" timestamp="2025-09-29T17:19:59 IST" skipped="0">
  <testcase classname="Testscript.Login_Test" name="verifyInvalidUsernameValidPassword" time="4.552"/>
</testsuite> <!-- Testscript.Login_Test -->
