<?xml version="1.0" encoding="UTF-8"?>
<!-- Generated by org.testng.reporters.JUnitReportReporter -->
<testsuite hostname="DESKTOP-FMLQ74F" failures="0" tests="1" name="Testscript.Login_Test" time="7.730" errors="0" timestamp="2025-10-02T18:24:28 IST" skipped="0">
  <testcase classname="Testscript.Login_Test" name="verifyLoginWithInvalidCredentials" time="7.730"/>
</testsuite> <!-- Testscript.Login_Test -->
